2014-11-05 16:25:22.180 DEBUG 3109 [main] --- o.s.w.c.s.StandardServletEnvironment     : Adding [servletConfigInitParams] PropertySource with lowest search precedence
2014-11-05 16:25:22.185 DEBUG 3109 [main] --- o.s.w.c.s.StandardServletEnvironment     : Adding [servletContextInitParams] PropertySource with lowest search precedence
2014-11-05 16:25:22.186 DEBUG 3109 [main] --- o.s.w.c.s.StandardServletEnvironment     : Adding [jndiProperties] PropertySource with lowest search precedence
2014-11-05 16:25:22.186 DEBUG 3109 [main] --- o.s.w.c.s.StandardServletEnvironment     : Adding [systemProperties] PropertySource with lowest search precedence
2014-11-05 16:25:22.186 DEBUG 3109 [main] --- o.s.w.c.s.StandardServletEnvironment     : Adding [systemEnvironment] PropertySource with lowest search precedence
2014-11-05 16:25:22.187 DEBUG 3109 [main] --- o.s.w.c.s.StandardServletEnvironment     : Initialized StandardServletEnvironment with PropertySources [servletConfigInitParams,servletContextInitParams,jndiProperties,systemProperties,systemEnvironment]
2014-11-05 16:25:22.254  INFO 3109 [main] --- org.sample.app.Application               : Starting Application on Sathish-PC with PID 3109 (/home/sathish/NetBeansProjects/zols/zols-cms-plugin/target/classes started by sathish in /home/sathish/NetBeansProjects/zols/zols-cms-plugin)
2014-11-05 16:25:22.327  INFO 3109 [main] --- ationConfigEmbeddedWebApplicationContext : Refreshing org.springframework.boot.context.embedded.AnnotationConfigEmbeddedWebApplicationContext@17a6a352: startup date [Wed Nov 05 16:25:22 IST 2014]; root of context hierarchy
2014-11-05 16:25:23.568  INFO 3109 [main] --- o.s.b.f.s.DefaultListableBeanFactory     : Overriding bean definition for bean 'beanNameViewResolver': replacing [Root bean: class [null]; scope=; abstract=false; lazyInit=false; autowireMode=3; dependencyCheck=0; autowireCandidate=true; primary=false; factoryBeanName=org.springframework.boot.autoconfigure.web.ErrorMvcAutoConfiguration$WhitelabelErrorViewConfiguration; factoryMethodName=beanNameViewResolver; initMethodName=null; destroyMethodName=(inferred); defined in class path resource [org/springframework/boot/autoconfigure/web/ErrorMvcAutoConfiguration$WhitelabelErrorViewConfiguration.class]] with [Root bean: class [null]; scope=; abstract=false; lazyInit=false; autowireMode=3; dependencyCheck=0; autowireCandidate=true; primary=false; factoryBeanName=org.springframework.boot.autoconfigure.web.WebMvcAutoConfiguration$WebMvcAutoConfigurationAdapter; factoryMethodName=beanNameViewResolver; initMethodName=null; destroyMethodName=(inferred); defined in class path resource [org/springframework/boot/autoconfigure/web/WebMvcAutoConfiguration$WebMvcAutoConfigurationAdapter.class]]
2014-11-05 16:25:24.984 DEBUG 3109 [main] --- o.s.w.c.s.StandardServletEnvironment     : Adding [applicationConfig: [classpath:/application.properties]] PropertySource with search precedence immediately lower than [applicationConfigurationProperties]
2014-11-05 16:25:24.986 DEBUG 3109 [main] --- o.s.w.c.s.StandardServletEnvironment     : Removing [applicationConfigurationProperties] PropertySource
2014-11-05 16:25:24.987 DEBUG 3109 [main] --- o.s.w.c.s.StandardServletEnvironment     : Removing [defaultProperties] PropertySource
2014-11-05 16:25:26.088  INFO 3109 [main] --- .t.TomcatEmbeddedServletContainerFactory : Server initialized with port: 8080
2014-11-05 16:25:26.569  INFO 3109 [main] --- o.apache.catalina.core.StandardService   : Starting service Tomcat
2014-11-05 16:25:26.571  INFO 3109 [main] --- org.apache.catalina.core.StandardEngine  : Starting Servlet Engine: Apache Tomcat/7.0.54
2014-11-05 16:25:26.775  INFO 3109 [localhost-startStop-1] --- o.a.c.c.C.[Tomcat].[localhost].[/]       : Initializing Spring embedded WebApplicationContext
2014-11-05 16:25:26.777 DEBUG 3109 [localhost-startStop-1] --- o.s.web.context.ContextLoader            : Published root WebApplicationContext as ServletContext attribute with name [org.springframework.web.context.WebApplicationContext.ROOT]
2014-11-05 16:25:26.778  INFO 3109 [localhost-startStop-1] --- o.s.web.context.ContextLoader            : Root WebApplicationContext: initialization completed in 4457 ms
2014-11-05 16:25:27.054 DEBUG 3109 [localhost-startStop-1] --- o.s.w.c.s.StandardServletEnvironment     : Adding [servletConfigInitParams] PropertySource with lowest search precedence
2014-11-05 16:25:27.055 DEBUG 3109 [localhost-startStop-1] --- o.s.w.c.s.StandardServletEnvironment     : Adding [servletContextInitParams] PropertySource with lowest search precedence
2014-11-05 16:25:27.056 DEBUG 3109 [localhost-startStop-1] --- o.s.w.c.s.StandardServletEnvironment     : Adding [jndiProperties] PropertySource with lowest search precedence
2014-11-05 16:25:27.056 DEBUG 3109 [localhost-startStop-1] --- o.s.w.c.s.StandardServletEnvironment     : Adding [systemProperties] PropertySource with lowest search precedence
2014-11-05 16:25:27.056 DEBUG 3109 [localhost-startStop-1] --- o.s.w.c.s.StandardServletEnvironment     : Adding [systemEnvironment] PropertySource with lowest search precedence
2014-11-05 16:25:27.057 DEBUG 3109 [localhost-startStop-1] --- o.s.w.c.s.StandardServletEnvironment     : Initialized StandardServletEnvironment with PropertySources [servletConfigInitParams,servletContextInitParams,jndiProperties,systemProperties,systemEnvironment]
2014-11-05 16:25:27.781  INFO 3109 [localhost-startStop-1] --- o.s.b.c.e.ServletRegistrationBean        : Mapping servlet: 'dispatcherServlet' to [/]
2014-11-05 16:25:27.786  INFO 3109 [localhost-startStop-1] --- o.s.b.c.embedded.FilterRegistrationBean  : Mapping filter: 'simpleCORSFilter' to: [/*]
2014-11-05 16:25:27.787  INFO 3109 [localhost-startStop-1] --- o.s.b.c.embedded.FilterRegistrationBean  : Mapping filter: 'hiddenHttpMethodFilter' to: [/*]
2014-11-05 16:25:28.221 DEBUG 3109 [localhost-startStop-1] --- o.s.web.filter.HiddenHttpMethodFilter    : Initializing filter 'hiddenHttpMethodFilter'
2014-11-05 16:25:28.223 DEBUG 3109 [localhost-startStop-1] --- o.s.web.filter.HiddenHttpMethodFilter    : Filter 'hiddenHttpMethodFilter' configured successfully
2014-11-05 16:25:28.235 DEBUG 3109 [main] --- o.s.w.c.s.StandardServletEnvironment     : Replacing [servletContextInitParams] PropertySource with [servletContextInitParams]
2014-11-05 16:25:29.003  INFO 3109 [main] --- o.s.w.s.handler.SimpleUrlHandlerMapping  : Mapped URL path [/**/favicon.ico] onto handler of type [class org.springframework.web.servlet.resource.ResourceHttpRequestHandler]
2014-11-05 16:25:29.132 DEBUG 3109 [main] --- s.w.s.m.m.a.RequestMappingHandlerMapping : Looking for request mappings in application context: org.springframework.boot.context.embedded.AnnotationConfigEmbeddedWebApplicationContext@17a6a352: startup date [Wed Nov 05 16:25:22 IST 2014]; root of context hierarchy
2014-11-05 16:25:29.148  INFO 3109 [main] --- s.w.s.m.m.a.RequestMappingHandlerMapping : Mapped "{[/],methods=[],params=[],headers=[],consumes=[],produces=[],custom=[]}" onto public java.lang.String org.sample.app.Application$HomeController.home(java.util.Map<java.lang.String, java.lang.Object>)
2014-11-05 16:25:29.152  INFO 3109 [main] --- s.w.s.m.m.a.RequestMappingHandlerMapping : Mapped "{[/api/schema],methods=[GET],params=[],headers=[],consumes=[],produces=[],custom=[]}" onto public java.util.List<com.fasterxml.jackson.module.jsonSchema.JsonSchema> org.zols.datastore.web.SchemaControler.list()
2014-11-05 16:25:29.154  INFO 3109 [main] --- s.w.s.m.m.a.RequestMappingHandlerMapping : Mapped "{[/api/schema/{id}],methods=[DELETE],params=[],headers=[],consumes=[],produces=[],custom=[]}" onto public void org.zols.datastore.web.SchemaControler.delete(java.lang.String)
2014-11-05 16:25:29.155  INFO 3109 [main] --- s.w.s.m.m.a.RequestMappingHandlerMapping : Mapped "{[/api/schema/{id}],methods=[PUT],params=[],headers=[],consumes=[],produces=[],custom=[]}" onto public void org.zols.datastore.web.SchemaControler.update(java.lang.String,com.fasterxml.jackson.module.jsonSchema.JsonSchema)
2014-11-05 16:25:29.156  INFO 3109 [main] --- s.w.s.m.m.a.RequestMappingHandlerMapping : Mapped "{[/api/schema/{id}],methods=[GET],params=[],headers=[],consumes=[],produces=[],custom=[]}" onto public com.fasterxml.jackson.module.jsonSchema.JsonSchema org.zols.datastore.web.SchemaControler.read(java.lang.String)
2014-11-05 16:25:29.157  INFO 3109 [main] --- s.w.s.m.m.a.RequestMappingHandlerMapping : Mapped "{[/api/schema],methods=[POST],params=[],headers=[],consumes=[],produces=[],custom=[]}" onto public com.fasterxml.jackson.module.jsonSchema.JsonSchema org.zols.datastore.web.SchemaControler.create(com.fasterxml.jackson.module.jsonSchema.JsonSchema)
2014-11-05 16:25:29.161  INFO 3109 [main] --- s.w.s.m.m.a.RequestMappingHandlerMapping : Mapped "{[/api/links],methods=[GET],params=[],headers=[],consumes=[],produces=[],custom=[]}" onto public java.util.List<org.zols.links.domain.Link> org.zols.links.web.LinkController.list()
2014-11-05 16:25:29.163  INFO 3109 [main] --- s.w.s.m.m.a.RequestMappingHandlerMapping : Mapped "{[/api/links/{name}],methods=[DELETE],params=[],headers=[],consumes=[],produces=[],custom=[]}" onto public void org.zols.links.web.LinkController.delete(java.lang.String)
2014-11-05 16:25:29.164  INFO 3109 [main] --- s.w.s.m.m.a.RequestMappingHandlerMapping : Mapped "{[/api/links/{name}],methods=[PUT],params=[],headers=[],consumes=[],produces=[],custom=[]}" onto public void org.zols.links.web.LinkController.update(java.lang.String,org.zols.links.domain.Link)
2014-11-05 16:25:29.165  INFO 3109 [main] --- s.w.s.m.m.a.RequestMappingHandlerMapping : Mapped "{[/api/links/{name}],methods=[GET],params=[],headers=[],consumes=[],produces=[],custom=[]}" onto public org.zols.links.domain.Link org.zols.links.web.LinkController.read(java.lang.String)
2014-11-05 16:25:29.166  INFO 3109 [main] --- s.w.s.m.m.a.RequestMappingHandlerMapping : Mapped "{[/api/links],methods=[POST],params=[],headers=[],consumes=[],produces=[],custom=[]}" onto public org.zols.links.domain.Link org.zols.links.web.LinkController.create(org.zols.links.domain.Link)
2014-11-05 16:25:29.168  INFO 3109 [main] --- s.w.s.m.m.a.RequestMappingHandlerMapping : Mapped "{[/api/links/childen_of/{name}],methods=[GET],params=[],headers=[],consumes=[],produces=[],custom=[]}" onto public java.util.List<org.zols.links.domain.Link> org.zols.links.web.LinkController.listChildren(java.lang.String)
2014-11-05 16:25:29.172  INFO 3109 [main] --- s.w.s.m.m.a.RequestMappingHandlerMapping : Mapped "{[/api/link_categories],methods=[GET],params=[],headers=[],consumes=[],produces=[],custom=[]}" onto public java.util.List<org.zols.links.domain.Category> org.zols.links.web.CategoryController.list()
2014-11-05 16:25:29.173  INFO 3109 [main] --- s.w.s.m.m.a.RequestMappingHandlerMapping : Mapped "{[/api/link_categories/{name}],methods=[DELETE],params=[],headers=[],consumes=[],produces=[],custom=[]}" onto public void org.zols.links.web.CategoryController.delete(java.lang.String)
2014-11-05 16:25:29.174  INFO 3109 [main] --- s.w.s.m.m.a.RequestMappingHandlerMapping : Mapped "{[/api/link_categories/{name}],methods=[PUT],params=[],headers=[],consumes=[],produces=[],custom=[]}" onto public void org.zols.links.web.CategoryController.update(java.lang.String,org.zols.links.domain.Category)
2014-11-05 16:25:29.175  INFO 3109 [main] --- s.w.s.m.m.a.RequestMappingHandlerMapping : Mapped "{[/api/link_categories/{name}],methods=[GET],params=[],headers=[],consumes=[],produces=[],custom=[]}" onto public org.zols.links.domain.Category org.zols.links.web.CategoryController.read(java.lang.String)
2014-11-05 16:25:29.176  INFO 3109 [main] --- s.w.s.m.m.a.RequestMappingHandlerMapping : Mapped "{[/api/link_categories],methods=[POST],params=[],headers=[],consumes=[],produces=[],custom=[]}" onto public org.zols.links.domain.Category org.zols.links.web.CategoryController.create(org.zols.links.domain.Category)
2014-11-05 16:25:29.178  INFO 3109 [main] --- s.w.s.m.m.a.RequestMappingHandlerMapping : Mapped "{[/api/link_categories/{name}/first_level_links],methods=[GET],params=[],headers=[],consumes=[],produces=[],custom=[]}" onto public java.util.List<org.zols.links.domain.Link> org.zols.links.web.CategoryController.listFirstLevelLinks(java.lang.String)
2014-11-05 16:25:29.181  INFO 3109 [main] --- s.w.s.m.m.a.RequestMappingHandlerMapping : Mapped "{[/api/template_repositories],methods=[GET],params=[],headers=[],consumes=[],produces=[],custom=[]}" onto public java.util.List<org.zols.templates.domain.TemplateRepository> org.zols.templates.web.TemplateRepositoryController.list()
2014-11-05 16:25:29.183  INFO 3109 [main] --- s.w.s.m.m.a.RequestMappingHandlerMapping : Mapped "{[/api/template_repositories/{name}],methods=[DELETE],params=[],headers=[],consumes=[],produces=[],custom=[]}" onto public void org.zols.templates.web.TemplateRepositoryController.delete(java.lang.String)
2014-11-05 16:25:29.184  INFO 3109 [main] --- s.w.s.m.m.a.RequestMappingHandlerMapping : Mapped "{[/api/template_repositories/{name}],methods=[PUT],params=[],headers=[],consumes=[],produces=[],custom=[]}" onto public void org.zols.templates.web.TemplateRepositoryController.update(java.lang.String,org.zols.templates.domain.TemplateRepository)
2014-11-05 16:25:29.186  INFO 3109 [main] --- s.w.s.m.m.a.RequestMappingHandlerMapping : Mapped "{[/api/template_repositories/{name}],methods=[GET],params=[],headers=[],consumes=[],produces=[],custom=[]}" onto public org.zols.templates.domain.TemplateRepository org.zols.templates.web.TemplateRepositoryController.read(java.lang.String)
2014-11-05 16:25:29.187  INFO 3109 [main] --- s.w.s.m.m.a.RequestMappingHandlerMapping : Mapped "{[/api/template_repositories],methods=[POST],params=[],headers=[],consumes=[],produces=[],custom=[]}" onto public org.zols.templates.domain.TemplateRepository org.zols.templates.web.TemplateRepositoryController.create(org.zols.templates.domain.TemplateRepository)
2014-11-05 16:25:29.190  INFO 3109 [main] --- s.w.s.m.m.a.RequestMappingHandlerMapping : Mapped "{[/api/templates],methods=[GET],params=[],headers=[],consumes=[],produces=[],custom=[]}" onto public java.util.List<org.zols.templates.domain.Template> org.zols.templates.web.TemplateControler.list()
2014-11-05 16:25:29.191  INFO 3109 [main] --- s.w.s.m.m.a.RequestMappingHandlerMapping : Mapped "{[/api/templates/{name}],methods=[DELETE],params=[],headers=[],consumes=[],produces=[],custom=[]}" onto public void org.zols.templates.web.TemplateControler.delete(java.lang.String)
2014-11-05 16:25:29.193  INFO 3109 [main] --- s.w.s.m.m.a.RequestMappingHandlerMapping : Mapped "{[/api/templates/{name}],methods=[PUT],params=[],headers=[],consumes=[],produces=[],custom=[]}" onto public void org.zols.templates.web.TemplateControler.update(java.lang.String,org.zols.templates.domain.Template)
2014-11-05 16:25:29.194  INFO 3109 [main] --- s.w.s.m.m.a.RequestMappingHandlerMapping : Mapped "{[/api/templates/{name}],methods=[GET],params=[],headers=[],consumes=[],produces=[],custom=[]}" onto public org.zols.templates.domain.Template org.zols.templates.web.TemplateControler.read(java.lang.String)
2014-11-05 16:25:29.195  INFO 3109 [main] --- s.w.s.m.m.a.RequestMappingHandlerMapping : Mapped "{[/api/templates],methods=[POST],params=[],headers=[],consumes=[],produces=[],custom=[]}" onto public org.zols.templates.domain.Template org.zols.templates.web.TemplateControler.create(org.zols.templates.domain.Template)
2014-11-05 16:25:29.199  INFO 3109 [main] --- s.w.s.m.m.a.RequestMappingHandlerMapping : Mapped "{[/api/documents/{documentRepositoryName}/**],methods=[GET],params=[],headers=[],consumes=[],produces=[],custom=[]}" onto public java.util.List<org.zols.documents.domain.Document> org.zols.documents.web.DocumentController.list(java.lang.String,javax.servlet.http.HttpServletRequest)
2014-11-05 16:25:29.200  INFO 3109 [main] --- s.w.s.m.m.a.RequestMappingHandlerMapping : Mapped "{[/api/documents/{documentRepositoryName}/**],methods=[DELETE],params=[],headers=[],consumes=[],produces=[],custom=[]}" onto public void org.zols.documents.web.DocumentController.delete(java.lang.String,javax.servlet.http.HttpServletRequest)
2014-11-05 16:25:29.201  INFO 3109 [main] --- s.w.s.m.m.a.RequestMappingHandlerMapping : Mapped "{[/api/documents/filter/{documentRepositoryName}/**],methods=[GET],params=[],headers=[],consumes=[],produces=[],custom=[]}" onto public java.util.List<org.zols.documents.domain.Document> org.zols.documents.web.DocumentController.listAll(java.lang.String,javax.servlet.http.HttpServletRequest)
2014-11-05 16:25:29.203  INFO 3109 [main] --- s.w.s.m.m.a.RequestMappingHandlerMapping : Mapped "{[/api/documents/{documentRepositoryName}/**],methods=[POST],params=[],headers=[],consumes=[],produces=[],custom=[]}" onto public void org.zols.documents.web.DocumentController.upload(java.lang.String,org.zols.documents.domain.Upload,javax.servlet.http.HttpServletRequest)
2014-11-05 16:25:29.206  INFO 3109 [main] --- s.w.s.m.m.a.RequestMappingHandlerMapping : Mapped "{[/api/document_repositories],methods=[GET],params=[],headers=[],consumes=[],produces=[],custom=[]}" onto public java.util.List<org.zols.documents.domain.DocumentRepository> org.zols.documents.web.DocumentRepositoryController.list()
2014-11-05 16:25:29.208  INFO 3109 [main] --- s.w.s.m.m.a.RequestMappingHandlerMapping : Mapped "{[/api/document_repositories/{name}],methods=[DELETE],params=[],headers=[],consumes=[],produces=[],custom=[]}" onto public void org.zols.documents.web.DocumentRepositoryController.delete(java.lang.String)
2014-11-05 16:25:29.209  INFO 3109 [main] --- s.w.s.m.m.a.RequestMappingHandlerMapping : Mapped "{[/api/document_repositories/{name}],methods=[PUT],params=[],headers=[],consumes=[],produces=[],custom=[]}" onto public void org.zols.documents.web.DocumentRepositoryController.update(java.lang.String,org.zols.documents.domain.DocumentRepository)
2014-11-05 16:25:29.211  INFO 3109 [main] --- s.w.s.m.m.a.RequestMappingHandlerMapping : Mapped "{[/api/document_repositories/{name}],methods=[GET],params=[],headers=[],consumes=[],produces=[],custom=[]}" onto public org.zols.documents.domain.DocumentRepository org.zols.documents.web.DocumentRepositoryController.read(java.lang.String)
2014-11-05 16:25:29.212  INFO 3109 [main] --- s.w.s.m.m.a.RequestMappingHandlerMapping : Mapped "{[/api/document_repositories],methods=[POST],params=[],headers=[],consumes=[],produces=[],custom=[]}" onto public org.zols.documents.domain.DocumentRepository org.zols.documents.web.DocumentRepositoryController.create(org.zols.documents.domain.DocumentRepository)
2014-11-05 16:25:29.224  INFO 3109 [main] --- s.w.s.m.m.a.RequestMappingHandlerMapping : Mapped "{[/error],methods=[],params=[],headers=[],consumes=[],produces=[],custom=[]}" onto public org.springframework.http.ResponseEntity<java.util.Map<java.lang.String, java.lang.Object>> org.springframework.boot.autoconfigure.web.BasicErrorController.error(javax.servlet.http.HttpServletRequest)
2014-11-05 16:25:29.225  INFO 3109 [main] --- s.w.s.m.m.a.RequestMappingHandlerMapping : Mapped "{[/error],methods=[],params=[],headers=[],consumes=[],produces=[text/html],custom=[]}" onto public org.springframework.web.servlet.ModelAndView org.springframework.boot.autoconfigure.web.BasicErrorController.errorHtml(javax.servlet.http.HttpServletRequest)
2014-11-05 16:25:29.276 DEBUG 3109 [main] --- o.s.w.s.h.BeanNameUrlHandlerMapping      : Looking for URL mappings in application context: org.springframework.boot.context.embedded.AnnotationConfigEmbeddedWebApplicationContext@17a6a352: startup date [Wed Nov 05 16:25:22 IST 2014]; root of context hierarchy
2014-11-05 16:25:29.277 DEBUG 3109 [main] --- o.s.w.s.h.BeanNameUrlHandlerMapping      : Rejected bean name 'org.springframework.context.annotation.internalConfigurationAnnotationProcessor': no URL paths identified
2014-11-05 16:25:29.278 DEBUG 3109 [main] --- o.s.w.s.h.BeanNameUrlHandlerMapping      : Rejected bean name 'org.springframework.context.annotation.internalAutowiredAnnotationProcessor': no URL paths identified
2014-11-05 16:25:29.279 DEBUG 3109 [main] --- o.s.w.s.h.BeanNameUrlHandlerMapping      : Rejected bean name 'org.springframework.context.annotation.internalRequiredAnnotationProcessor': no URL paths identified
2014-11-05 16:25:29.281 DEBUG 3109 [main] --- o.s.w.s.h.BeanNameUrlHandlerMapping      : Rejected bean name 'org.springframework.context.annotation.internalCommonAnnotationProcessor': no URL paths identified
2014-11-05 16:25:29.283 DEBUG 3109 [main] --- o.s.w.s.h.BeanNameUrlHandlerMapping      : Rejected bean name 'application': no URL paths identified
2014-11-05 16:25:29.283 DEBUG 3109 [main] --- o.s.w.s.h.BeanNameUrlHandlerMapping      : Rejected bean name 'org.springframework.context.annotation.ConfigurationClassPostProcessor.importAwareProcessor': no URL paths identified
2014-11-05 16:25:29.285 DEBUG 3109 [main] --- o.s.w.s.h.BeanNameUrlHandlerMapping      : Rejected bean name 'org.springframework.context.annotation.ConfigurationClassPostProcessor.enhancedConfigurationProcessor': no URL paths identified
2014-11-05 16:25:29.286 DEBUG 3109 [main] --- o.s.w.s.h.BeanNameUrlHandlerMapping      : Rejected bean name 'simpleCORSFilter': no URL paths identified
2014-11-05 16:25:29.287 DEBUG 3109 [main] --- o.s.w.s.h.BeanNameUrlHandlerMapping      : Rejected bean name 'thmeleafExtension': no URL paths identified
2014-11-05 16:25:29.288 DEBUG 3109 [main] --- o.s.w.s.h.BeanNameUrlHandlerMapping      : Rejected bean name 'application.HomeController': no URL paths identified
2014-11-05 16:25:29.289 DEBUG 3109 [main] --- o.s.w.s.h.BeanNameUrlHandlerMapping      : Rejected bean name 'staticResourceConfiguration': no URL paths identified
2014-11-05 16:25:29.290 DEBUG 3109 [main] --- o.s.w.s.h.BeanNameUrlHandlerMapping      : Rejected bean name 'schemaControler': no URL paths identified
2014-11-05 16:25:29.291 DEBUG 3109 [main] --- o.s.w.s.h.BeanNameUrlHandlerMapping      : Rejected bean name 'schemaService': no URL paths identified
2014-11-05 16:25:29.291 DEBUG 3109 [main] --- o.s.w.s.h.BeanNameUrlHandlerMapping      : Rejected bean name 'dataService': no URL paths identified
2014-11-05 16:25:29.292 DEBUG 3109 [main] --- o.s.w.s.h.BeanNameUrlHandlerMapping      : Rejected bean name 'linkController': no URL paths identified
2014-11-05 16:25:29.293 DEBUG 3109 [main] --- o.s.w.s.h.BeanNameUrlHandlerMapping      : Rejected bean name 'categoryController': no URL paths identified
2014-11-05 16:25:29.294 DEBUG 3109 [main] --- o.s.w.s.h.BeanNameUrlHandlerMapping      : Rejected bean name 'linkService': no URL paths identified
2014-11-05 16:25:29.295 DEBUG 3109 [main] --- o.s.w.s.h.BeanNameUrlHandlerMapping      : Rejected bean name 'categoryService': no URL paths identified
2014-11-05 16:25:29.295 DEBUG 3109 [main] --- o.s.w.s.h.BeanNameUrlHandlerMapping      : Rejected bean name 'templateRepositoryController': no URL paths identified
2014-11-05 16:25:29.296 DEBUG 3109 [main] --- o.s.w.s.h.BeanNameUrlHandlerMapping      : Rejected bean name 'templateControler': no URL paths identified
2014-11-05 16:25:29.297 DEBUG 3109 [main] --- o.s.w.s.h.BeanNameUrlHandlerMapping      : Rejected bean name 'templateService': no URL paths identified
2014-11-05 16:25:29.298 DEBUG 3109 [main] --- o.s.w.s.h.BeanNameUrlHandlerMapping      : Rejected bean name 'templateRepositoryService': no URL paths identified
2014-11-05 16:25:29.299 DEBUG 3109 [main] --- o.s.w.s.h.BeanNameUrlHandlerMapping      : Rejected bean name 'documentController': no URL paths identified
2014-11-05 16:25:29.299 DEBUG 3109 [main] --- o.s.w.s.h.BeanNameUrlHandlerMapping      : Rejected bean name 'documentRepositoryController': no URL paths identified
2014-11-05 16:25:29.300 DEBUG 3109 [main] --- o.s.w.s.h.BeanNameUrlHandlerMapping      : Rejected bean name 'documentRepositoryService': no URL paths identified
2014-11-05 16:25:29.301 DEBUG 3109 [main] --- o.s.w.s.h.BeanNameUrlHandlerMapping      : Rejected bean name 'documentService': no URL paths identified
2014-11-05 16:25:29.302 DEBUG 3109 [main] --- o.s.w.s.h.BeanNameUrlHandlerMapping      : Rejected bean name 'spring.thymeleaf.CONFIGURATION_PROPERTIES': no URL paths identified
2014-11-05 16:25:29.303 DEBUG 3109 [main] --- o.s.w.s.h.BeanNameUrlHandlerMapping      : Rejected bean name 'org.springframework.boot.context.properties.ConfigurationPropertiesBindingPostProcessor': no URL paths identified
2014-11-05 16:25:29.304 DEBUG 3109 [main] --- o.s.w.s.h.BeanNameUrlHandlerMapping      : Rejected bean name 'org.springframework.boot.context.properties.ConfigurationPropertiesBindingPostProcessor.store': no URL paths identified
2014-11-05 16:25:29.305 DEBUG 3109 [main] --- o.s.w.s.h.BeanNameUrlHandlerMapping      : Rejected bean name 'org.zols.config.ZolsConfiguration': no URL paths identified
2014-11-05 16:25:29.306 DEBUG 3109 [main] --- o.s.w.s.h.BeanNameUrlHandlerMapping      : Rejected bean name 'dataStore': no URL paths identified
2014-11-05 16:25:29.307 DEBUG 3109 [main] --- o.s.w.s.h.BeanNameUrlHandlerMapping      : Rejected bean name 'org.springframework.boot.autoconfigure.AutoConfigurationPackages': no URL paths identified
2014-11-05 16:25:29.308 DEBUG 3109 [main] --- o.s.w.s.h.BeanNameUrlHandlerMapping      : Rejected bean name 'org.springframework.boot.autoconfigure.PropertyPlaceholderAutoConfiguration': no URL paths identified
2014-11-05 16:25:29.308 DEBUG 3109 [main] --- o.s.w.s.h.BeanNameUrlHandlerMapping      : Rejected bean name 'propertySourcesPlaceholderConfigurer': no URL paths identified
2014-11-05 16:25:29.309 DEBUG 3109 [main] --- o.s.w.s.h.BeanNameUrlHandlerMapping      : Rejected bean name 'org.springframework.boot.autoconfigure.web.EmbeddedServletContainerAutoConfiguration$EmbeddedTomcat': no URL paths identified
2014-11-05 16:25:29.310 DEBUG 3109 [main] --- o.s.w.s.h.BeanNameUrlHandlerMapping      : Rejected bean name 'tomcatEmbeddedServletContainerFactory': no URL paths identified
2014-11-05 16:25:29.311 DEBUG 3109 [main] --- o.s.w.s.h.BeanNameUrlHandlerMapping      : Rejected bean name 'org.springframework.boot.autoconfigure.web.EmbeddedServletContainerAutoConfiguration': no URL paths identified
2014-11-05 16:25:29.312 DEBUG 3109 [main] --- o.s.w.s.h.BeanNameUrlHandlerMapping      : Rejected bean name 'embeddedServletContainerCustomizerBeanPostProcessor': no URL paths identified
2014-11-05 16:25:29.313 DEBUG 3109 [main] --- o.s.w.s.h.BeanNameUrlHandlerMapping      : Rejected bean name 'org.springframework.boot.autoconfigure.web.DispatcherServletAutoConfiguration$DispatcherServletConfiguration': no URL paths identified
2014-11-05 16:25:29.314 DEBUG 3109 [main] --- o.s.w.s.h.BeanNameUrlHandlerMapping      : Rejected bean name 'dispatcherServlet': no URL paths identified
2014-11-05 16:25:29.315 DEBUG 3109 [main] --- o.s.w.s.h.BeanNameUrlHandlerMapping      : Rejected bean name 'dispatcherServletRegistration': no URL paths identified
2014-11-05 16:25:29.316 DEBUG 3109 [main] --- o.s.w.s.h.BeanNameUrlHandlerMapping      : Rejected bean name 'org.springframework.boot.autoconfigure.web.DispatcherServletAutoConfiguration': no URL paths identified
2014-11-05 16:25:29.317 DEBUG 3109 [main] --- o.s.w.s.h.BeanNameUrlHandlerMapping      : Rejected bean name 'org.springframework.boot.autoconfigure.web.ErrorMvcAutoConfiguration$WhitelabelErrorViewConfiguration': no URL paths identified
2014-11-05 16:25:29.317 DEBUG 3109 [main] --- o.s.w.s.h.BeanNameUrlHandlerMapping      : Rejected bean name 'error': no URL paths identified
2014-11-05 16:25:29.318 DEBUG 3109 [main] --- o.s.w.s.h.BeanNameUrlHandlerMapping      : Rejected bean name 'beanNameViewResolver': no URL paths identified
2014-11-05 16:25:29.319 DEBUG 3109 [main] --- o.s.w.s.h.BeanNameUrlHandlerMapping      : Rejected bean name 'org.springframework.boot.autoconfigure.web.ErrorMvcAutoConfiguration': no URL paths identified
2014-11-05 16:25:29.320 DEBUG 3109 [main] --- o.s.w.s.h.BeanNameUrlHandlerMapping      : Rejected bean name 'errorAttributes': no URL paths identified
2014-11-05 16:25:29.321 DEBUG 3109 [main] --- o.s.w.s.h.BeanNameUrlHandlerMapping      : Rejected bean name 'basicErrorController': no URL paths identified
2014-11-05 16:25:29.321 DEBUG 3109 [main] --- o.s.w.s.h.BeanNameUrlHandlerMapping      : Rejected bean name 'org.springframework.boot.autoconfigure.web.WebMvcAutoConfiguration$WebMvcAutoConfigurationAdapter$FaviconConfiguration': no URL paths identified
2014-11-05 16:25:29.322 DEBUG 3109 [main] --- o.s.w.s.h.BeanNameUrlHandlerMapping      : Rejected bean name 'faviconHandlerMapping': no URL paths identified
2014-11-05 16:25:29.323 DEBUG 3109 [main] --- o.s.w.s.h.BeanNameUrlHandlerMapping      : Rejected bean name 'faviconRequestHandler': no URL paths identified
2014-11-05 16:25:29.324 DEBUG 3109 [main] --- o.s.w.s.h.BeanNameUrlHandlerMapping      : Rejected bean name 'org.springframework.web.servlet.config.annotation.DelegatingWebMvcConfiguration': no URL paths identified
2014-11-05 16:25:29.325 DEBUG 3109 [main] --- o.s.w.s.h.BeanNameUrlHandlerMapping      : Rejected bean name 'requestMappingHandlerMapping': no URL paths identified
2014-11-05 16:25:29.325 DEBUG 3109 [main] --- o.s.w.s.h.BeanNameUrlHandlerMapping      : Rejected bean name 'mvcContentNegotiationManager': no URL paths identified
2014-11-05 16:25:29.326 DEBUG 3109 [main] --- o.s.w.s.h.BeanNameUrlHandlerMapping      : Rejected bean name 'viewControllerHandlerMapping': no URL paths identified
2014-11-05 16:25:29.327 DEBUG 3109 [main] --- o.s.w.s.h.BeanNameUrlHandlerMapping      : Rejected bean name 'beanNameHandlerMapping': no URL paths identified
2014-11-05 16:25:29.328 DEBUG 3109 [main] --- o.s.w.s.h.BeanNameUrlHandlerMapping      : Rejected bean name 'resourceHandlerMapping': no URL paths identified
2014-11-05 16:25:29.329 DEBUG 3109 [main] --- o.s.w.s.h.BeanNameUrlHandlerMapping      : Rejected bean name 'defaultServletHandlerMapping': no URL paths identified
2014-11-05 16:25:29.330 DEBUG 3109 [main] --- o.s.w.s.h.BeanNameUrlHandlerMapping      : Rejected bean name 'requestMappingHandlerAdapter': no URL paths identified
2014-11-05 16:25:29.331 DEBUG 3109 [main] --- o.s.w.s.h.BeanNameUrlHandlerMapping      : Rejected bean name 'mvcConversionService': no URL paths identified
2014-11-05 16:25:29.332 DEBUG 3109 [main] --- o.s.w.s.h.BeanNameUrlHandlerMapping      : Rejected bean name 'mvcValidator': no URL paths identified
2014-11-05 16:25:29.333 DEBUG 3109 [main] --- o.s.w.s.h.BeanNameUrlHandlerMapping      : Rejected bean name 'mvcUriComponentsContributor': no URL paths identified
2014-11-05 16:25:29.333 DEBUG 3109 [main] --- o.s.w.s.h.BeanNameUrlHandlerMapping      : Rejected bean name 'httpRequestHandlerAdapter': no URL paths identified
2014-11-05 16:25:29.334 DEBUG 3109 [main] --- o.s.w.s.h.BeanNameUrlHandlerMapping      : Rejected bean name 'simpleControllerHandlerAdapter': no URL paths identified
2014-11-05 16:25:29.335 DEBUG 3109 [main] --- o.s.w.s.h.BeanNameUrlHandlerMapping      : Rejected bean name 'handlerExceptionResolver': no URL paths identified
2014-11-05 16:25:29.336 DEBUG 3109 [main] --- o.s.w.s.h.BeanNameUrlHandlerMapping      : Rejected bean name 'org.springframework.boot.autoconfigure.web.WebMvcAutoConfiguration$WebMvcAutoConfigurationAdapter': no URL paths identified
2014-11-05 16:25:29.337 DEBUG 3109 [main] --- o.s.w.s.h.BeanNameUrlHandlerMapping      : Rejected bean name 'defaultViewResolver': no URL paths identified
2014-11-05 16:25:29.338 DEBUG 3109 [main] --- o.s.w.s.h.BeanNameUrlHandlerMapping      : Rejected bean name 'requestContextListener': no URL paths identified
2014-11-05 16:25:29.339 DEBUG 3109 [main] --- o.s.w.s.h.BeanNameUrlHandlerMapping      : Rejected bean name 'viewResolver': no URL paths identified
2014-11-05 16:25:29.339 DEBUG 3109 [main] --- o.s.w.s.h.BeanNameUrlHandlerMapping      : Rejected bean name 'spring.mvc.CONFIGURATION_PROPERTIES': no URL paths identified
2014-11-05 16:25:29.340 DEBUG 3109 [main] --- o.s.w.s.h.BeanNameUrlHandlerMapping      : Rejected bean name 'spring.resources.CONFIGURATION_PROPERTIES': no URL paths identified
2014-11-05 16:25:29.341 DEBUG 3109 [main] --- o.s.w.s.h.BeanNameUrlHandlerMapping      : Rejected bean name 'org.springframework.boot.autoconfigure.web.WebMvcAutoConfiguration': no URL paths identified
2014-11-05 16:25:29.342 DEBUG 3109 [main] --- o.s.w.s.h.BeanNameUrlHandlerMapping      : Rejected bean name 'hiddenHttpMethodFilter': no URL paths identified
2014-11-05 16:25:29.344 DEBUG 3109 [main] --- o.s.w.s.h.BeanNameUrlHandlerMapping      : Rejected bean name 'org.springframework.boot.autoconfigure.mongo.MongoAutoConfiguration': no URL paths identified
2014-11-05 16:25:29.345 DEBUG 3109 [main] --- o.s.w.s.h.BeanNameUrlHandlerMapping      : Rejected bean name 'mongo': no URL paths identified
2014-11-05 16:25:29.346 DEBUG 3109 [main] --- o.s.w.s.h.BeanNameUrlHandlerMapping      : Rejected bean name 'spring.data.mongodb.CONFIGURATION_PROPERTIES': no URL paths identified
2014-11-05 16:25:29.351 DEBUG 3109 [main] --- o.s.w.s.h.BeanNameUrlHandlerMapping      : Rejected bean name 'org.springframework.context.annotation.MBeanExportConfiguration': no URL paths identified
2014-11-05 16:25:29.352 DEBUG 3109 [main] --- o.s.w.s.h.BeanNameUrlHandlerMapping      : Rejected bean name 'mbeanExporter': no URL paths identified
2014-11-05 16:25:29.353 DEBUG 3109 [main] --- o.s.w.s.h.BeanNameUrlHandlerMapping      : Rejected bean name 'org.springframework.boot.autoconfigure.jmx.JmxAutoConfiguration$Empty': no URL paths identified
2014-11-05 16:25:29.354 DEBUG 3109 [main] --- o.s.w.s.h.BeanNameUrlHandlerMapping      : Rejected bean name 'org.springframework.boot.autoconfigure.jmx.JmxAutoConfiguration': no URL paths identified
2014-11-05 16:25:29.355 DEBUG 3109 [main] --- o.s.w.s.h.BeanNameUrlHandlerMapping      : Rejected bean name 'objectNamingStrategy': no URL paths identified
2014-11-05 16:25:29.356 DEBUG 3109 [main] --- o.s.w.s.h.BeanNameUrlHandlerMapping      : Rejected bean name 'mbeanServer': no URL paths identified
2014-11-05 16:25:29.357 DEBUG 3109 [main] --- o.s.w.s.h.BeanNameUrlHandlerMapping      : Rejected bean name 'org.springframework.boot.autoconfigure.thymeleaf.ThymeleafAutoConfiguration$ThymeleafViewResolverConfiguration': no URL paths identified
2014-11-05 16:25:29.358 DEBUG 3109 [main] --- o.s.w.s.h.BeanNameUrlHandlerMapping      : Rejected bean name 'thymeleafViewResolver': no URL paths identified
2014-11-05 16:25:29.358 DEBUG 3109 [main] --- o.s.w.s.h.BeanNameUrlHandlerMapping      : Rejected bean name 'org.springframework.boot.autoconfigure.thymeleaf.ThymeleafAutoConfiguration$ThymeleafWebLayoutConfiguration': no URL paths identified
2014-11-05 16:25:29.359 DEBUG 3109 [main] --- o.s.w.s.h.BeanNameUrlHandlerMapping      : Rejected bean name 'layoutDialect': no URL paths identified
2014-11-05 16:25:29.360 DEBUG 3109 [main] --- o.s.w.s.h.BeanNameUrlHandlerMapping      : Rejected bean name 'org.springframework.boot.autoconfigure.thymeleaf.ThymeleafAutoConfiguration$ThymeleafDefaultConfiguration': no URL paths identified
2014-11-05 16:25:29.361 DEBUG 3109 [main] --- o.s.w.s.h.BeanNameUrlHandlerMapping      : Rejected bean name 'templateEngine': no URL paths identified
2014-11-05 16:25:29.362 DEBUG 3109 [main] --- o.s.w.s.h.BeanNameUrlHandlerMapping      : Rejected bean name 'org.springframework.boot.autoconfigure.thymeleaf.ThymeleafAutoConfiguration$DefaultTemplateResolverConfiguration': no URL paths identified
2014-11-05 16:25:29.363 DEBUG 3109 [main] --- o.s.w.s.h.BeanNameUrlHandlerMapping      : Rejected bean name 'defaultTemplateResolver': no URL paths identified
2014-11-05 16:25:29.364 DEBUG 3109 [main] --- o.s.w.s.h.BeanNameUrlHandlerMapping      : Rejected bean name 'thymeleafResourceResolver': no URL paths identified
2014-11-05 16:25:29.365 DEBUG 3109 [main] --- o.s.w.s.h.BeanNameUrlHandlerMapping      : Rejected bean name 'org.springframework.boot.autoconfigure.thymeleaf.ThymeleafAutoConfiguration': no URL paths identified
2014-11-05 16:25:29.366 DEBUG 3109 [main] --- o.s.w.s.h.BeanNameUrlHandlerMapping      : Rejected bean name 'org.springframework.boot.autoconfigure.web.HttpMessageConvertersAutoConfiguration$ObjectMappers': no URL paths identified
2014-11-05 16:25:29.367 DEBUG 3109 [main] --- o.s.w.s.h.BeanNameUrlHandlerMapping      : Rejected bean name 'mappingJackson2HttpMessageConverter': no URL paths identified
2014-11-05 16:25:29.367 DEBUG 3109 [main] --- o.s.w.s.h.BeanNameUrlHandlerMapping      : Rejected bean name 'http.mappers.CONFIGURATION_PROPERTIES': no URL paths identified
2014-11-05 16:25:29.368 DEBUG 3109 [main] --- o.s.w.s.h.BeanNameUrlHandlerMapping      : Rejected bean name 'org.springframework.boot.autoconfigure.jackson.JacksonAutoConfiguration$JacksonObjectMapperAutoConfiguration': no URL paths identified
2014-11-05 16:25:29.369 DEBUG 3109 [main] --- o.s.w.s.h.BeanNameUrlHandlerMapping      : Rejected bean name 'jacksonObjectMapper': no URL paths identified
2014-11-05 16:25:29.370 DEBUG 3109 [main] --- o.s.w.s.h.BeanNameUrlHandlerMapping      : Rejected bean name 'org.springframework.boot.autoconfigure.jackson.JacksonAutoConfiguration': no URL paths identified
2014-11-05 16:25:29.371 DEBUG 3109 [main] --- o.s.w.s.h.BeanNameUrlHandlerMapping      : Rejected bean name 'org.springframework.boot.autoconfigure.web.HttpMessageConvertersAutoConfiguration': no URL paths identified
2014-11-05 16:25:29.372 DEBUG 3109 [main] --- o.s.w.s.h.BeanNameUrlHandlerMapping      : Rejected bean name 'messageConverters': no URL paths identified
2014-11-05 16:25:29.373 DEBUG 3109 [main] --- o.s.w.s.h.BeanNameUrlHandlerMapping      : Rejected bean name 'org.springframework.boot.autoconfigure.web.MultipartAutoConfiguration': no URL paths identified
2014-11-05 16:25:29.374 DEBUG 3109 [main] --- o.s.w.s.h.BeanNameUrlHandlerMapping      : Rejected bean name 'multipartConfigElement': no URL paths identified
2014-11-05 16:25:29.374 DEBUG 3109 [main] --- o.s.w.s.h.BeanNameUrlHandlerMapping      : Rejected bean name 'multipartResolver': no URL paths identified
2014-11-05 16:25:29.375 DEBUG 3109 [main] --- o.s.w.s.h.BeanNameUrlHandlerMapping      : Rejected bean name 'multipart.CONFIGURATION_PROPERTIES': no URL paths identified
2014-11-05 16:25:29.376 DEBUG 3109 [main] --- o.s.w.s.h.BeanNameUrlHandlerMapping      : Rejected bean name 'org.springframework.boot.autoconfigure.web.ServerPropertiesAutoConfiguration': no URL paths identified
2014-11-05 16:25:29.377 DEBUG 3109 [main] --- o.s.w.s.h.BeanNameUrlHandlerMapping      : Rejected bean name 'serverProperties': no URL paths identified
2014-11-05 16:25:29.378 DEBUG 3109 [main] --- o.s.w.s.h.BeanNameUrlHandlerMapping      : Rejected bean name 'autoConfigurationReport': no URL paths identified
2014-11-05 16:25:29.379 DEBUG 3109 [main] --- o.s.w.s.h.BeanNameUrlHandlerMapping      : Rejected bean name 'applicationEventMulticaster': no URL paths identified
2014-11-05 16:25:29.379 DEBUG 3109 [main] --- o.s.w.s.h.BeanNameUrlHandlerMapping      : Rejected bean name 'environment': no URL paths identified
2014-11-05 16:25:29.380 DEBUG 3109 [main] --- o.s.w.s.h.BeanNameUrlHandlerMapping      : Rejected bean name 'systemProperties': no URL paths identified
2014-11-05 16:25:29.381 DEBUG 3109 [main] --- o.s.w.s.h.BeanNameUrlHandlerMapping      : Rejected bean name 'systemEnvironment': no URL paths identified
2014-11-05 16:25:29.382 DEBUG 3109 [main] --- o.s.w.s.h.BeanNameUrlHandlerMapping      : Rejected bean name 'org.springframework.context.annotation.ConfigurationClassPostProcessor.importRegistry': no URL paths identified
2014-11-05 16:25:29.383 DEBUG 3109 [main] --- o.s.w.s.h.BeanNameUrlHandlerMapping      : Rejected bean name 'messageSource': no URL paths identified
2014-11-05 16:25:29.383 DEBUG 3109 [main] --- o.s.w.s.h.BeanNameUrlHandlerMapping      : Rejected bean name 'servletContext': no URL paths identified
2014-11-05 16:25:29.385 DEBUG 3109 [main] --- o.s.w.s.h.BeanNameUrlHandlerMapping      : Rejected bean name 'contextParameters': no URL paths identified
2014-11-05 16:25:29.386 DEBUG 3109 [main] --- o.s.w.s.h.BeanNameUrlHandlerMapping      : Rejected bean name 'contextAttributes': no URL paths identified
2014-11-05 16:25:29.392  INFO 3109 [main] --- o.s.w.s.handler.SimpleUrlHandlerMapping  : Mapped URL path [/**] onto handler of type [class org.springframework.web.servlet.resource.ResourceHttpRequestHandler]
2014-11-05 16:25:29.393  INFO 3109 [main] --- o.s.w.s.handler.SimpleUrlHandlerMapping  : Mapped URL path [/webjars/**] onto handler of type [class org.springframework.web.servlet.resource.ResourceHttpRequestHandler]
2014-11-05 16:25:29.607 DEBUG 3109 [main] --- s.w.s.m.m.a.RequestMappingHandlerAdapter : Looking for controller advice: org.springframework.boot.context.embedded.AnnotationConfigEmbeddedWebApplicationContext@17a6a352: startup date [Wed Nov 05 16:25:22 IST 2014]; root of context hierarchy
2014-11-05 16:25:29.692 DEBUG 3109 [main] --- .m.m.a.ExceptionHandlerExceptionResolver : Looking for exception mappings: org.springframework.boot.context.embedded.AnnotationConfigEmbeddedWebApplicationContext@17a6a352: startup date [Wed Nov 05 16:25:22 IST 2014]; root of context hierarchy
2014-11-05 16:25:30.226  INFO 3109 [main] --- o.s.j.e.a.AnnotationMBeanExporter        : Registering beans for JMX exposure on startup
2014-11-05 16:25:30.555  INFO 3109 [main] --- s.b.c.e.t.TomcatEmbeddedServletContainer : Tomcat started on port(s): 8080/http
2014-11-05 16:25:30.558  INFO 3109 [main] --- org.sample.app.Application               : Started Application in 9.168 seconds (JVM running for 9.708)
2014-11-05 16:25:32.575 DEBUG 3109 [http-nio-8080-exec-1] --- o.s.web.servlet.DispatcherServlet        : Initializing servlet 'dispatcherServlet'
2014-11-05 16:25:32.577  INFO 3109 [http-nio-8080-exec-1] --- o.a.c.c.C.[Tomcat].[localhost].[/]       : Initializing Spring FrameworkServlet 'dispatcherServlet'
2014-11-05 16:25:32.578  INFO 3109 [http-nio-8080-exec-1] --- o.s.web.servlet.DispatcherServlet        : FrameworkServlet 'dispatcherServlet': initialization started
2014-11-05 16:25:32.578 DEBUG 3109 [http-nio-8080-exec-1] --- o.s.web.servlet.DispatcherServlet        : Using MultipartResolver [org.springframework.web.multipart.support.StandardServletMultipartResolver@39cf0fe4]
2014-11-05 16:25:32.584 DEBUG 3109 [http-nio-8080-exec-1] --- o.s.web.servlet.DispatcherServlet        : Unable to locate LocaleResolver with name 'localeResolver': using default [org.springframework.web.servlet.i18n.AcceptHeaderLocaleResolver@a383aab]
2014-11-05 16:25:32.608 DEBUG 3109 [http-nio-8080-exec-1] --- o.s.web.servlet.DispatcherServlet        : Unable to locate ThemeResolver with name 'themeResolver': using default [org.springframework.web.servlet.theme.FixedThemeResolver@d6867ea]
2014-11-05 16:25:32.627 DEBUG 3109 [http-nio-8080-exec-1] --- o.s.web.servlet.DispatcherServlet        : Unable to locate RequestToViewNameTranslator with name 'viewNameTranslator': using default [org.springframework.web.servlet.view.DefaultRequestToViewNameTranslator@2a6fab4]
2014-11-05 16:25:32.650 DEBUG 3109 [http-nio-8080-exec-1] --- o.s.web.servlet.DispatcherServlet        : Unable to locate FlashMapManager with name 'flashMapManager': using default [org.springframework.web.servlet.support.SessionFlashMapManager@269db796]
2014-11-05 16:25:32.651 DEBUG 3109 [http-nio-8080-exec-1] --- o.s.web.servlet.DispatcherServlet        : Published WebApplicationContext of servlet 'dispatcherServlet' as ServletContext attribute with name [org.springframework.web.servlet.FrameworkServlet.CONTEXT.dispatcherServlet]
2014-11-05 16:25:32.652  INFO 3109 [http-nio-8080-exec-1] --- o.s.web.servlet.DispatcherServlet        : FrameworkServlet 'dispatcherServlet': initialization completed in 74 ms
2014-11-05 16:25:32.652 DEBUG 3109 [http-nio-8080-exec-1] --- o.s.web.servlet.DispatcherServlet        : Servlet 'dispatcherServlet' configured successfully
2014-11-05 16:25:32.690 DEBUG 3109 [http-nio-8080-exec-1] --- o.s.web.servlet.DispatcherServlet        : DispatcherServlet with name 'dispatcherServlet' processing GET request for [/]
2014-11-05 16:25:32.696 DEBUG 3109 [http-nio-8080-exec-1] --- s.w.s.m.m.a.RequestMappingHandlerMapping : Looking up handler method for path /
2014-11-05 16:25:32.710 DEBUG 3109 [http-nio-8080-exec-1] --- s.w.s.m.m.a.RequestMappingHandlerMapping : Returning handler method [public java.lang.String org.sample.app.Application$HomeController.home(java.util.Map<java.lang.String, java.lang.Object>)]
2014-11-05 16:25:32.711 DEBUG 3109 [http-nio-8080-exec-1] --- o.s.web.servlet.DispatcherServlet        : Last-Modified value for [/] is: -1
2014-11-05 16:25:32.757 DEBUG 3109 [http-nio-8080-exec-1] --- o.s.w.s.v.ContentNegotiatingViewResolver : Requested media types are [text/html, application/xhtml+xml, application/xml;q=0.9, */*;q=0.8] based on Accept header types and producible media types [*/*])
2014-11-05 16:25:32.790 DEBUG 3109 [http-nio-8080-exec-1] --- o.s.w.s.v.ContentNegotiatingViewResolver : Returning [org.thymeleaf.spring4.view.ThymeleafView@80fd41d] based on requested media type 'text/html'
2014-11-05 16:25:32.792 DEBUG 3109 [http-nio-8080-exec-1] --- o.s.web.servlet.DispatcherServlet        : Rendering view [org.thymeleaf.spring4.view.ThymeleafView@80fd41d] in DispatcherServlet with name 'dispatcherServlet'
2014-11-05 16:25:33.177 DEBUG 3109 [http-nio-8080-exec-1] --- o.s.web.servlet.DispatcherServlet        : Successfully completed request
2014-11-05 16:25:33.200 DEBUG 3109 [http-nio-8080-exec-2] --- o.s.web.servlet.DispatcherServlet        : DispatcherServlet with name 'dispatcherServlet' processing GET request for [/styles/main.css]
2014-11-05 16:25:33.202 DEBUG 3109 [http-nio-8080-exec-2] --- s.w.s.m.m.a.RequestMappingHandlerMapping : Looking up handler method for path /styles/main.css
2014-11-05 16:25:33.212 DEBUG 3109 [http-nio-8080-exec-2] --- s.w.s.m.m.a.RequestMappingHandlerMapping : Did not find handler method for [/styles/main.css]
2014-11-05 16:25:33.214 DEBUG 3109 [http-nio-8080-exec-2] --- o.s.w.s.handler.SimpleUrlHandlerMapping  : Matching patterns for request [/styles/main.css] are [/**]
2014-11-05 16:25:33.215 DEBUG 3109 [http-nio-8080-exec-2] --- o.s.w.s.handler.SimpleUrlHandlerMapping  : URI Template variables for request [/styles/main.css] are {}
2014-11-05 16:25:33.218 DEBUG 3109 [http-nio-8080-exec-2] --- o.s.w.s.handler.SimpleUrlHandlerMapping  : Mapping [/styles/main.css] to HandlerExecutionChain with handler [org.springframework.web.servlet.resource.ResourceHttpRequestHandler@460483bf] and 1 interceptor
2014-11-05 16:25:33.220 DEBUG 3109 [http-nio-8080-exec-2] --- o.s.web.servlet.DispatcherServlet        : Last-Modified value for [/styles/main.css] is: -1
2014-11-05 16:25:33.221 DEBUG 3109 [http-nio-8080-exec-2] --- o.s.w.s.r.ResourceHttpRequestHandler     : Trying relative path [styles/main.css] against base location: URL [http://localhost:3000/]
2014-11-05 16:25:33.236 DEBUG 3109 [http-nio-8080-exec-2] --- o.s.w.s.r.ResourceHttpRequestHandler     : Found matching resource: URL [http://localhost:3000/styles/main.css]
2014-11-05 16:25:33.236 DEBUG 3109 [http-nio-8080-exec-2] --- o.s.w.s.r.ResourceHttpRequestHandler     : Determined media type 'text/css' for URL [http://localhost:3000/styles/main.css]
2014-11-05 16:25:33.242 DEBUG 3109 [http-nio-8080-exec-2] --- o.s.w.s.r.ResourceHttpRequestHandler     : Resource not modified - returning 304
2014-11-05 16:25:33.243 DEBUG 3109 [http-nio-8080-exec-2] --- o.s.web.servlet.DispatcherServlet        : Null ModelAndView returned to DispatcherServlet with name 'dispatcherServlet': assuming HandlerAdapter completed request handling
2014-11-05 16:25:33.244 DEBUG 3109 [http-nio-8080-exec-2] --- o.s.web.servlet.DispatcherServlet        : Successfully completed request
2014-11-05 16:25:33.414 DEBUG 3109 [http-nio-8080-exec-3] --- o.s.web.servlet.DispatcherServlet        : DispatcherServlet with name 'dispatcherServlet' processing GET request for [/bower_components/bootstrap-sass-official/vendor/assets/fonts/bootstrap/glyphicons-halflings-regular.woff]
2014-11-05 16:25:33.422 DEBUG 3109 [http-nio-8080-exec-3] --- s.w.s.m.m.a.RequestMappingHandlerMapping : Looking up handler method for path /bower_components/bootstrap-sass-official/vendor/assets/fonts/bootstrap/glyphicons-halflings-regular.woff
2014-11-05 16:25:33.473 DEBUG 3109 [http-nio-8080-exec-3] --- s.w.s.m.m.a.RequestMappingHandlerMapping : Did not find handler method for [/bower_components/bootstrap-sass-official/vendor/assets/fonts/bootstrap/glyphicons-halflings-regular.woff]
2014-11-05 16:25:33.475 DEBUG 3109 [http-nio-8080-exec-3] --- o.s.w.s.handler.SimpleUrlHandlerMapping  : Matching patterns for request [/bower_components/bootstrap-sass-official/vendor/assets/fonts/bootstrap/glyphicons-halflings-regular.woff] are [/**]
2014-11-05 16:25:33.476 DEBUG 3109 [http-nio-8080-exec-3] --- o.s.w.s.handler.SimpleUrlHandlerMapping  : URI Template variables for request [/bower_components/bootstrap-sass-official/vendor/assets/fonts/bootstrap/glyphicons-halflings-regular.woff] are {}
2014-11-05 16:25:33.477 DEBUG 3109 [http-nio-8080-exec-3] --- o.s.w.s.handler.SimpleUrlHandlerMapping  : Mapping [/bower_components/bootstrap-sass-official/vendor/assets/fonts/bootstrap/glyphicons-halflings-regular.woff] to HandlerExecutionChain with handler [org.springframework.web.servlet.resource.ResourceHttpRequestHandler@460483bf] and 1 interceptor
2014-11-05 16:25:33.478 DEBUG 3109 [http-nio-8080-exec-3] --- o.s.web.servlet.DispatcherServlet        : Last-Modified value for [/bower_components/bootstrap-sass-official/vendor/assets/fonts/bootstrap/glyphicons-halflings-regular.woff] is: -1
2014-11-05 16:25:33.482 DEBUG 3109 [http-nio-8080-exec-3] --- o.s.w.s.r.ResourceHttpRequestHandler     : Trying relative path [bower_components/bootstrap-sass-official/vendor/assets/fonts/bootstrap/glyphicons-halflings-regular.woff] against base location: URL [http://localhost:3000/]
2014-11-05 16:25:33.489 DEBUG 3109 [http-nio-8080-exec-3] --- o.s.w.s.r.ResourceHttpRequestHandler     : No matching resource found - returning 404
2014-11-05 16:25:33.490 DEBUG 3109 [http-nio-8080-exec-3] --- o.s.web.servlet.DispatcherServlet        : Null ModelAndView returned to DispatcherServlet with name 'dispatcherServlet': assuming HandlerAdapter completed request handling
2014-11-05 16:25:33.491 DEBUG 3109 [http-nio-8080-exec-3] --- o.s.web.servlet.DispatcherServlet        : Successfully completed request
2014-11-05 16:25:33.497 DEBUG 3109 [http-nio-8080-exec-3] --- o.s.web.servlet.DispatcherServlet        : DispatcherServlet with name 'dispatcherServlet' processing GET request for [/error]
2014-11-05 16:25:33.499 DEBUG 3109 [http-nio-8080-exec-3] --- s.w.s.m.m.a.RequestMappingHandlerMapping : Looking up handler method for path /error
2014-11-05 16:25:33.501 DEBUG 3109 [http-nio-8080-exec-3] --- s.w.s.m.m.a.RequestMappingHandlerMapping : Returning handler method [public org.springframework.web.servlet.ModelAndView org.springframework.boot.autoconfigure.web.BasicErrorController.errorHtml(javax.servlet.http.HttpServletRequest)]
2014-11-05 16:25:33.503 DEBUG 3109 [http-nio-8080-exec-3] --- o.s.web.servlet.DispatcherServlet        : Last-Modified value for [/error] is: -1
2014-11-05 16:25:33.510 DEBUG 3109 [http-nio-8080-exec-3] --- o.s.w.s.v.ContentNegotiatingViewResolver : Requested media types are [text/html, text/html;q=0.8] based on Accept header types and producible media types [text/html])
2014-11-05 16:25:33.512 DEBUG 3109 [http-nio-8080-exec-3] --- o.s.w.s.v.ContentNegotiatingViewResolver : Returning [org.springframework.boot.autoconfigure.web.ErrorMvcAutoConfiguration$SpelView@3d5d9f8b] based on requested media type 'text/html'
2014-11-05 16:25:33.513 DEBUG 3109 [http-nio-8080-exec-3] --- o.s.web.servlet.DispatcherServlet        : Rendering view [org.springframework.boot.autoconfigure.web.ErrorMvcAutoConfiguration$SpelView@3d5d9f8b] in DispatcherServlet with name 'dispatcherServlet'
2014-11-05 16:25:33.517 DEBUG 3109 [http-nio-8080-exec-3] --- o.s.web.servlet.DispatcherServlet        : Successfully completed request
2014-11-05 16:25:33.532 DEBUG 3109 [http-nio-8080-exec-4] --- o.s.web.servlet.DispatcherServlet        : DispatcherServlet with name 'dispatcherServlet' processing GET request for [/bower_components/bootstrap-sass-official/vendor/assets/fonts/bootstrap/glyphicons-halflings-regular.ttf]
2014-11-05 16:25:33.534 DEBUG 3109 [http-nio-8080-exec-4] --- s.w.s.m.m.a.RequestMappingHandlerMapping : Looking up handler method for path /bower_components/bootstrap-sass-official/vendor/assets/fonts/bootstrap/glyphicons-halflings-regular.ttf
2014-11-05 16:25:33.584 DEBUG 3109 [http-nio-8080-exec-4] --- s.w.s.m.m.a.RequestMappingHandlerMapping : Did not find handler method for [/bower_components/bootstrap-sass-official/vendor/assets/fonts/bootstrap/glyphicons-halflings-regular.ttf]
2014-11-05 16:25:33.585 DEBUG 3109 [http-nio-8080-exec-4] --- o.s.w.s.handler.SimpleUrlHandlerMapping  : Matching patterns for request [/bower_components/bootstrap-sass-official/vendor/assets/fonts/bootstrap/glyphicons-halflings-regular.ttf] are [/**]
2014-11-05 16:25:33.586 DEBUG 3109 [http-nio-8080-exec-4] --- o.s.w.s.handler.SimpleUrlHandlerMapping  : URI Template variables for request [/bower_components/bootstrap-sass-official/vendor/assets/fonts/bootstrap/glyphicons-halflings-regular.ttf] are {}
2014-11-05 16:25:33.587 DEBUG 3109 [http-nio-8080-exec-4] --- o.s.w.s.handler.SimpleUrlHandlerMapping  : Mapping [/bower_components/bootstrap-sass-official/vendor/assets/fonts/bootstrap/glyphicons-halflings-regular.ttf] to HandlerExecutionChain with handler [org.springframework.web.servlet.resource.ResourceHttpRequestHandler@460483bf] and 1 interceptor
2014-11-05 16:25:33.594 DEBUG 3109 [http-nio-8080-exec-4] --- o.s.web.servlet.DispatcherServlet        : Last-Modified value for [/bower_components/bootstrap-sass-official/vendor/assets/fonts/bootstrap/glyphicons-halflings-regular.ttf] is: -1
2014-11-05 16:25:33.595 DEBUG 3109 [http-nio-8080-exec-4] --- o.s.w.s.r.ResourceHttpRequestHandler     : Trying relative path [bower_components/bootstrap-sass-official/vendor/assets/fonts/bootstrap/glyphicons-halflings-regular.ttf] against base location: URL [http://localhost:3000/]
2014-11-05 16:25:33.598 DEBUG 3109 [http-nio-8080-exec-4] --- o.s.w.s.r.ResourceHttpRequestHandler     : No matching resource found - returning 404
2014-11-05 16:25:33.599 DEBUG 3109 [http-nio-8080-exec-4] --- o.s.web.servlet.DispatcherServlet        : Null ModelAndView returned to DispatcherServlet with name 'dispatcherServlet': assuming HandlerAdapter completed request handling
2014-11-05 16:25:33.600 DEBUG 3109 [http-nio-8080-exec-4] --- o.s.web.servlet.DispatcherServlet        : Successfully completed request
2014-11-05 16:25:33.601 DEBUG 3109 [http-nio-8080-exec-4] --- o.s.web.servlet.DispatcherServlet        : DispatcherServlet with name 'dispatcherServlet' processing GET request for [/error]
2014-11-05 16:25:33.603 DEBUG 3109 [http-nio-8080-exec-4] --- s.w.s.m.m.a.RequestMappingHandlerMapping : Looking up handler method for path /error
2014-11-05 16:25:33.606 DEBUG 3109 [http-nio-8080-exec-4] --- s.w.s.m.m.a.RequestMappingHandlerMapping : Returning handler method [public org.springframework.web.servlet.ModelAndView org.springframework.boot.autoconfigure.web.BasicErrorController.errorHtml(javax.servlet.http.HttpServletRequest)]
2014-11-05 16:25:33.607 DEBUG 3109 [http-nio-8080-exec-4] --- o.s.web.servlet.DispatcherServlet        : Last-Modified value for [/error] is: -1
2014-11-05 16:25:33.609 DEBUG 3109 [http-nio-8080-exec-4] --- o.s.w.s.v.ContentNegotiatingViewResolver : Requested media types are [text/html, text/html;q=0.8] based on Accept header types and producible media types [text/html])
2014-11-05 16:25:33.610 DEBUG 3109 [http-nio-8080-exec-4] --- o.s.w.s.v.ContentNegotiatingViewResolver : Returning [org.springframework.boot.autoconfigure.web.ErrorMvcAutoConfiguration$SpelView@3d5d9f8b] based on requested media type 'text/html'
2014-11-05 16:25:33.611 DEBUG 3109 [http-nio-8080-exec-4] --- o.s.web.servlet.DispatcherServlet        : Rendering view [org.springframework.boot.autoconfigure.web.ErrorMvcAutoConfiguration$SpelView@3d5d9f8b] in DispatcherServlet with name 'dispatcherServlet'
2014-11-05 16:25:33.612 DEBUG 3109 [http-nio-8080-exec-4] --- o.s.web.servlet.DispatcherServlet        : Successfully completed request
2014-11-05 16:25:52.491 DEBUG 3109 [http-nio-8080-exec-6] --- o.s.web.servlet.DispatcherServlet        : DispatcherServlet with name 'dispatcherServlet' processing GET request for [/]
2014-11-05 16:25:52.492 DEBUG 3109 [http-nio-8080-exec-6] --- s.w.s.m.m.a.RequestMappingHandlerMapping : Looking up handler method for path /
2014-11-05 16:25:52.493 DEBUG 3109 [http-nio-8080-exec-6] --- s.w.s.m.m.a.RequestMappingHandlerMapping : Returning handler method [public java.lang.String org.sample.app.Application$HomeController.home(java.util.Map<java.lang.String, java.lang.Object>)]
2014-11-05 16:25:52.494 DEBUG 3109 [http-nio-8080-exec-6] --- o.s.web.servlet.DispatcherServlet        : Last-Modified value for [/] is: -1
2014-11-05 16:25:52.496 DEBUG 3109 [http-nio-8080-exec-6] --- o.s.w.s.v.ContentNegotiatingViewResolver : Requested media types are [text/html, application/xhtml+xml, application/xml;q=0.9, */*;q=0.8] based on Accept header types and producible media types [*/*])
2014-11-05 16:25:52.497 DEBUG 3109 [http-nio-8080-exec-6] --- o.s.w.s.v.ContentNegotiatingViewResolver : Returning [org.thymeleaf.spring4.view.ThymeleafView@80fd41d] based on requested media type 'text/html'
2014-11-05 16:25:52.497 DEBUG 3109 [http-nio-8080-exec-6] --- o.s.web.servlet.DispatcherServlet        : Rendering view [org.thymeleaf.spring4.view.ThymeleafView@80fd41d] in DispatcherServlet with name 'dispatcherServlet'
2014-11-05 16:25:52.535 DEBUG 3109 [http-nio-8080-exec-6] --- o.s.web.servlet.DispatcherServlet        : Successfully completed request
2014-11-05 16:25:52.680 DEBUG 3109 [http-nio-8080-exec-7] --- o.s.web.servlet.DispatcherServlet        : DispatcherServlet with name 'dispatcherServlet' processing GET request for [/bower_components/bootstrap-sass-official/vendor/assets/fonts/bootstrap/glyphicons-halflings-regular.woff]
2014-11-05 16:25:52.681 DEBUG 3109 [http-nio-8080-exec-7] --- s.w.s.m.m.a.RequestMappingHandlerMapping : Looking up handler method for path /bower_components/bootstrap-sass-official/vendor/assets/fonts/bootstrap/glyphicons-halflings-regular.woff
2014-11-05 16:25:52.706 DEBUG 3109 [http-nio-8080-exec-7] --- s.w.s.m.m.a.RequestMappingHandlerMapping : Did not find handler method for [/bower_components/bootstrap-sass-official/vendor/assets/fonts/bootstrap/glyphicons-halflings-regular.woff]
2014-11-05 16:25:52.708 DEBUG 3109 [http-nio-8080-exec-7] --- o.s.w.s.handler.SimpleUrlHandlerMapping  : Matching patterns for request [/bower_components/bootstrap-sass-official/vendor/assets/fonts/bootstrap/glyphicons-halflings-regular.woff] are [/**]
2014-11-05 16:25:52.711 DEBUG 3109 [http-nio-8080-exec-7] --- o.s.w.s.handler.SimpleUrlHandlerMapping  : URI Template variables for request [/bower_components/bootstrap-sass-official/vendor/assets/fonts/bootstrap/glyphicons-halflings-regular.woff] are {}
2014-11-05 16:25:52.712 DEBUG 3109 [http-nio-8080-exec-7] --- o.s.w.s.handler.SimpleUrlHandlerMapping  : Mapping [/bower_components/bootstrap-sass-official/vendor/assets/fonts/bootstrap/glyphicons-halflings-regular.woff] to HandlerExecutionChain with handler [org.springframework.web.servlet.resource.ResourceHttpRequestHandler@460483bf] and 1 interceptor
2014-11-05 16:25:52.714 DEBUG 3109 [http-nio-8080-exec-7] --- o.s.web.servlet.DispatcherServlet        : Last-Modified value for [/bower_components/bootstrap-sass-official/vendor/assets/fonts/bootstrap/glyphicons-halflings-regular.woff] is: -1
2014-11-05 16:25:52.722 DEBUG 3109 [http-nio-8080-exec-7] --- o.s.w.s.r.ResourceHttpRequestHandler     : Trying relative path [bower_components/bootstrap-sass-official/vendor/assets/fonts/bootstrap/glyphicons-halflings-regular.woff] against base location: URL [http://localhost:3000/]
2014-11-05 16:25:52.741 DEBUG 3109 [http-nio-8080-exec-7] --- o.s.w.s.r.ResourceHttpRequestHandler     : No matching resource found - returning 404
2014-11-05 16:25:52.743 DEBUG 3109 [http-nio-8080-exec-7] --- o.s.web.servlet.DispatcherServlet        : Null ModelAndView returned to DispatcherServlet with name 'dispatcherServlet': assuming HandlerAdapter completed request handling
2014-11-05 16:25:52.744 DEBUG 3109 [http-nio-8080-exec-7] --- o.s.web.servlet.DispatcherServlet        : Successfully completed request
2014-11-05 16:25:52.746 DEBUG 3109 [http-nio-8080-exec-7] --- o.s.web.servlet.DispatcherServlet        : DispatcherServlet with name 'dispatcherServlet' processing GET request for [/error]
2014-11-05 16:25:52.747 DEBUG 3109 [http-nio-8080-exec-7] --- s.w.s.m.m.a.RequestMappingHandlerMapping : Looking up handler method for path /error
2014-11-05 16:25:52.758 DEBUG 3109 [http-nio-8080-exec-7] --- s.w.s.m.m.a.RequestMappingHandlerMapping : Returning handler method [public org.springframework.web.servlet.ModelAndView org.springframework.boot.autoconfigure.web.BasicErrorController.errorHtml(javax.servlet.http.HttpServletRequest)]
2014-11-05 16:25:52.762 DEBUG 3109 [http-nio-8080-exec-7] --- o.s.web.servlet.DispatcherServlet        : Last-Modified value for [/error] is: -1
2014-11-05 16:25:52.767 DEBUG 3109 [http-nio-8080-exec-7] --- o.s.w.s.v.ContentNegotiatingViewResolver : Requested media types are [text/html, text/html;q=0.8] based on Accept header types and producible media types [text/html])
2014-11-05 16:25:52.771 DEBUG 3109 [http-nio-8080-exec-7] --- o.s.w.s.v.ContentNegotiatingViewResolver : Returning [org.springframework.boot.autoconfigure.web.ErrorMvcAutoConfiguration$SpelView@3d5d9f8b] based on requested media type 'text/html'
2014-11-05 16:25:52.773 DEBUG 3109 [http-nio-8080-exec-7] --- o.s.web.servlet.DispatcherServlet        : Rendering view [org.springframework.boot.autoconfigure.web.ErrorMvcAutoConfiguration$SpelView@3d5d9f8b] in DispatcherServlet with name 'dispatcherServlet'
2014-11-05 16:25:52.780 DEBUG 3109 [http-nio-8080-exec-7] --- o.s.web.servlet.DispatcherServlet        : Successfully completed request
2014-11-05 16:25:52.801 DEBUG 3109 [http-nio-8080-exec-8] --- o.s.web.servlet.DispatcherServlet        : DispatcherServlet with name 'dispatcherServlet' processing GET request for [/bower_components/bootstrap-sass-official/vendor/assets/fonts/bootstrap/glyphicons-halflings-regular.ttf]
2014-11-05 16:25:52.803 DEBUG 3109 [http-nio-8080-exec-8] --- s.w.s.m.m.a.RequestMappingHandlerMapping : Looking up handler method for path /bower_components/bootstrap-sass-official/vendor/assets/fonts/bootstrap/glyphicons-halflings-regular.ttf
2014-11-05 16:25:52.811 DEBUG 3109 [http-nio-8080-exec-8] --- s.w.s.m.m.a.RequestMappingHandlerMapping : Did not find handler method for [/bower_components/bootstrap-sass-official/vendor/assets/fonts/bootstrap/glyphicons-halflings-regular.ttf]
2014-11-05 16:25:52.819 DEBUG 3109 [http-nio-8080-exec-8] --- o.s.w.s.handler.SimpleUrlHandlerMapping  : Matching patterns for request [/bower_components/bootstrap-sass-official/vendor/assets/fonts/bootstrap/glyphicons-halflings-regular.ttf] are [/**]
2014-11-05 16:25:52.820 DEBUG 3109 [http-nio-8080-exec-8] --- o.s.w.s.handler.SimpleUrlHandlerMapping  : URI Template variables for request [/bower_components/bootstrap-sass-official/vendor/assets/fonts/bootstrap/glyphicons-halflings-regular.ttf] are {}
2014-11-05 16:25:52.821 DEBUG 3109 [http-nio-8080-exec-8] --- o.s.w.s.handler.SimpleUrlHandlerMapping  : Mapping [/bower_components/bootstrap-sass-official/vendor/assets/fonts/bootstrap/glyphicons-halflings-regular.ttf] to HandlerExecutionChain with handler [org.springframework.web.servlet.resource.ResourceHttpRequestHandler@460483bf] and 1 interceptor
2014-11-05 16:25:52.822 DEBUG 3109 [http-nio-8080-exec-8] --- o.s.web.servlet.DispatcherServlet        : Last-Modified value for [/bower_components/bootstrap-sass-official/vendor/assets/fonts/bootstrap/glyphicons-halflings-regular.ttf] is: -1
2014-11-05 16:25:52.827 DEBUG 3109 [http-nio-8080-exec-8] --- o.s.w.s.r.ResourceHttpRequestHandler     : Trying relative path [bower_components/bootstrap-sass-official/vendor/assets/fonts/bootstrap/glyphicons-halflings-regular.ttf] against base location: URL [http://localhost:3000/]
2014-11-05 16:25:52.841 DEBUG 3109 [http-nio-8080-exec-8] --- o.s.w.s.r.ResourceHttpRequestHandler     : No matching resource found - returning 404
2014-11-05 16:25:52.841 DEBUG 3109 [http-nio-8080-exec-8] --- o.s.web.servlet.DispatcherServlet        : Null ModelAndView returned to DispatcherServlet with name 'dispatcherServlet': assuming HandlerAdapter completed request handling
2014-11-05 16:25:52.842 DEBUG 3109 [http-nio-8080-exec-8] --- o.s.web.servlet.DispatcherServlet        : Successfully completed request
2014-11-05 16:25:52.849 DEBUG 3109 [http-nio-8080-exec-8] --- o.s.web.servlet.DispatcherServlet        : DispatcherServlet with name 'dispatcherServlet' processing GET request for [/error]
2014-11-05 16:25:52.855 DEBUG 3109 [http-nio-8080-exec-8] --- s.w.s.m.m.a.RequestMappingHandlerMapping : Looking up handler method for path /error
2014-11-05 16:25:52.860 DEBUG 3109 [http-nio-8080-exec-8] --- s.w.s.m.m.a.RequestMappingHandlerMapping : Returning handler method [public org.springframework.web.servlet.ModelAndView org.springframework.boot.autoconfigure.web.BasicErrorController.errorHtml(javax.servlet.http.HttpServletRequest)]
2014-11-05 16:25:52.861 DEBUG 3109 [http-nio-8080-exec-8] --- o.s.web.servlet.DispatcherServlet        : Last-Modified value for [/error] is: -1
2014-11-05 16:25:52.863 DEBUG 3109 [http-nio-8080-exec-8] --- o.s.w.s.v.ContentNegotiatingViewResolver : Requested media types are [text/html, text/html;q=0.8] based on Accept header types and producible media types [text/html])
2014-11-05 16:25:52.865 DEBUG 3109 [http-nio-8080-exec-8] --- o.s.w.s.v.ContentNegotiatingViewResolver : Returning [org.springframework.boot.autoconfigure.web.ErrorMvcAutoConfiguration$SpelView@3d5d9f8b] based on requested media type 'text/html'
2014-11-05 16:25:52.866 DEBUG 3109 [http-nio-8080-exec-8] --- o.s.web.servlet.DispatcherServlet        : Rendering view [org.springframework.boot.autoconfigure.web.ErrorMvcAutoConfiguration$SpelView@3d5d9f8b] in DispatcherServlet with name 'dispatcherServlet'
2014-11-05 16:25:52.868 DEBUG 3109 [http-nio-8080-exec-8] --- o.s.web.servlet.DispatcherServlet        : Successfully completed request
